d:\jpeg2000_mi\jpeg2000_mi\jpeg2000_mi\x64\release\vc140.pdb
d:\jpeg2000_mi\jpeg2000_mi\jpeg2000_mi\x64\release\tgt.obj
d:\jpeg2000_mi\jpeg2000_mi\jpeg2000_mi\x64\release\tcd.obj
d:\jpeg2000_mi\jpeg2000_mi\jpeg2000_mi\x64\release\t2.obj
d:\jpeg2000_mi\jpeg2000_mi\jpeg2000_mi\x64\release\t1.obj
d:\jpeg2000_mi\jpeg2000_mi\jpeg2000_mi\x64\release\raw.obj
d:\jpeg2000_mi\jpeg2000_mi\jpeg2000_mi\x64\release\pi.obj
d:\jpeg2000_mi\jpeg2000_mi\jpeg2000_mi\x64\release\mqc.obj
d:\jpeg2000_mi\jpeg2000_mi\jpeg2000_mi\x64\release\mi_malloc.obj
d:\jpeg2000_mi\jpeg2000_mi\jpeg2000_mi\x64\release\mi_clock.obj
d:\jpeg2000_mi\jpeg2000_mi\jpeg2000_mi\x64\release\mct.obj
d:\jpeg2000_mi\jpeg2000_mi\jpeg2000_mi\x64\release\jp2.obj
d:\jpeg2000_mi\jpeg2000_mi\jpeg2000_mi\x64\release\invert.obj
d:\jpeg2000_mi\jpeg2000_mi\jpeg2000_mi\x64\release\image.obj
d:\jpeg2000_mi\jpeg2000_mi\jpeg2000_mi\x64\release\function_list.obj
d:\jpeg2000_mi\jpeg2000_mi\jpeg2000_mi\x64\release\event.obj
d:\jpeg2000_mi\jpeg2000_mi\jpeg2000_mi\x64\release\dwt.obj
d:\jpeg2000_mi\jpeg2000_mi\jpeg2000_mi\x64\release\cio.obj
d:\jpeg2000_mi\jpeg2000_mi\jpeg2000_mi\x64\release\bio.obj
d:\jpeg2000_mi\jpeg2000_mi\jpeg2000_mi\x64\release\jpeg2000_mi.tlog\cl.command.1.tlog
d:\jpeg2000_mi\jpeg2000_mi\jpeg2000_mi\x64\release\jpeg2000_mi.tlog\cl.read.1.tlog
d:\jpeg2000_mi\jpeg2000_mi\jpeg2000_mi\x64\release\jpeg2000_mi.tlog\cl.write.1.tlog
