d:\jpeg2000_mi\jpeg2000_mi\jpeg2000_mi\release\jpeg2000_mi.pdb
d:\jpeg2000_mi\jpeg2000_mi\jpeg2000_mi\release\tgt.obj
d:\jpeg2000_mi\jpeg2000_mi\jpeg2000_mi\release\tcd.obj
d:\jpeg2000_mi\jpeg2000_mi\jpeg2000_mi\release\t2.obj
d:\jpeg2000_mi\jpeg2000_mi\jpeg2000_mi\release\t1.obj
d:\jpeg2000_mi\jpeg2000_mi\jpeg2000_mi\release\raw.obj
d:\jpeg2000_mi\jpeg2000_mi\jpeg2000_mi\release\pi.obj
d:\jpeg2000_mi\jpeg2000_mi\jpeg2000_mi\release\openjpeg.obj
d:\jpeg2000_mi\jpeg2000_mi\jpeg2000_mi\release\mqc.obj
d:\jpeg2000_mi\jpeg2000_mi\jpeg2000_mi\release\mi_malloc.obj
d:\jpeg2000_mi\jpeg2000_mi\jpeg2000_mi\release\mi_clock.obj
d:\jpeg2000_mi\jpeg2000_mi\jpeg2000_mi\release\mct.obj
d:\jpeg2000_mi\jpeg2000_mi\jpeg2000_mi\release\jp2.obj
d:\jpeg2000_mi\jpeg2000_mi\jpeg2000_mi\release\j2k.obj
d:\jpeg2000_mi\jpeg2000_mi\jpeg2000_mi\release\invert.obj
d:\jpeg2000_mi\jpeg2000_mi\jpeg2000_mi\release\image.obj
d:\jpeg2000_mi\jpeg2000_mi\jpeg2000_mi\release\function_list.obj
d:\jpeg2000_mi\jpeg2000_mi\jpeg2000_mi\release\event.obj
d:\jpeg2000_mi\jpeg2000_mi\jpeg2000_mi\release\dwt.obj
d:\jpeg2000_mi\jpeg2000_mi\jpeg2000_mi\release\cio.obj
d:\jpeg2000_mi\jpeg2000_mi\jpeg2000_mi\release\bio.obj
d:\jpeg2000_mi\jpeg2000_mi\release\jpeg2000_mi.lib
d:\jpeg2000_mi\jpeg2000_mi\jpeg2000_mi\release\jpeg2000_mi.tlog\cl.command.1.tlog
d:\jpeg2000_mi\jpeg2000_mi\jpeg2000_mi\release\jpeg2000_mi.tlog\cl.read.1.tlog
d:\jpeg2000_mi\jpeg2000_mi\jpeg2000_mi\release\jpeg2000_mi.tlog\cl.write.1.tlog
d:\jpeg2000_mi\jpeg2000_mi\jpeg2000_mi\release\jpeg2000_mi.tlog\lib-link.read.1.tlog
d:\jpeg2000_mi\jpeg2000_mi\jpeg2000_mi\release\jpeg2000_mi.tlog\lib-link.write.1.tlog
d:\jpeg2000_mi\jpeg2000_mi\jpeg2000_mi\release\jpeg2000_mi.tlog\lib.command.1.tlog
