d:\jpeg2000_mi\jpeg2000_mi\jpeg2000_mi\debug\jpeg2000_mi.pdb
d:\jpeg2000_mi\jpeg2000_mi\jpeg2000_mi\debug\jpeg2000_mi.idb
d:\jpeg2000_mi\jpeg2000_mi\jpeg2000_mi\debug\bio.obj
d:\jpeg2000_mi\jpeg2000_mi\jpeg2000_mi\debug\cio.obj
d:\jpeg2000_mi\jpeg2000_mi\jpeg2000_mi\debug\dwt.obj
d:\jpeg2000_mi\jpeg2000_mi\jpeg2000_mi\debug\event.obj
d:\jpeg2000_mi\jpeg2000_mi\jpeg2000_mi\debug\function_list.obj
d:\jpeg2000_mi\jpeg2000_mi\jpeg2000_mi\debug\image.obj
d:\jpeg2000_mi\jpeg2000_mi\jpeg2000_mi\debug\invert.obj
d:\jpeg2000_mi\jpeg2000_mi\jpeg2000_mi\debug\jp2.obj
d:\jpeg2000_mi\jpeg2000_mi\jpeg2000_mi\debug\mct.obj
d:\jpeg2000_mi\jpeg2000_mi\jpeg2000_mi\debug\mi_clock.obj
d:\jpeg2000_mi\jpeg2000_mi\jpeg2000_mi\debug\mqc.obj
d:\jpeg2000_mi\jpeg2000_mi\jpeg2000_mi\debug\pi.obj
d:\jpeg2000_mi\jpeg2000_mi\jpeg2000_mi\debug\raw.obj
d:\jpeg2000_mi\jpeg2000_mi\jpeg2000_mi\debug\t1.obj
d:\jpeg2000_mi\jpeg2000_mi\jpeg2000_mi\debug\t2.obj
d:\jpeg2000_mi\jpeg2000_mi\jpeg2000_mi\debug\tcd.obj
d:\jpeg2000_mi\jpeg2000_mi\jpeg2000_mi\debug\tgt.obj
d:\jpeg2000_mi\jpeg2000_mi\jpeg2000_mi\debug\j2k.obj
d:\jpeg2000_mi\jpeg2000_mi\jpeg2000_mi\debug\openjpeg.obj
d:\jpeg2000_mi\jpeg2000_mi\jpeg2000_mi\debug\mi_malloc.obj
d:\jpeg2000_mi\jpeg2000_mi\debug\jpeg2000_mi.lib
d:\jpeg2000_mi\jpeg2000_mi\debug\jpeg2000_mi.pdb
d:\jpeg2000_mi\jpeg2000_mi\jpeg2000_mi\debug\jpeg2000_mi.tlog\cl.command.1.tlog
d:\jpeg2000_mi\jpeg2000_mi\jpeg2000_mi\debug\jpeg2000_mi.tlog\cl.read.1.tlog
d:\jpeg2000_mi\jpeg2000_mi\jpeg2000_mi\debug\jpeg2000_mi.tlog\cl.write.1.tlog
d:\jpeg2000_mi\jpeg2000_mi\jpeg2000_mi\debug\jpeg2000_mi.tlog\lib-link.read.1.tlog
d:\jpeg2000_mi\jpeg2000_mi\jpeg2000_mi\debug\jpeg2000_mi.tlog\lib-link.write.1.tlog
d:\jpeg2000_mi\jpeg2000_mi\jpeg2000_mi\debug\jpeg2000_mi.tlog\lib.command.1.tlog
